<?xml version="1.0" encoding="UTF-8"?>
<!-- Generated by org.testng.reporters.JUnitReportReporter -->
<testsuite hostname="LAPTOP-A95QJMDA" failures="0" tests="1" name="TC002_POST_Request" time="3.125" errors="0" timestamp="2022-06-21T20:19:56 CDT" skipped="0">
  <testcase classname="TC002_POST_Request" name="addPlaceDetails" time="3.125"/>
  <system-out/>
</testsuite> <!-- TC002_POST_Request -->
