<?xml version="1.0" encoding="UTF-8"?>
<!-- Generated by org.testng.reporters.JUnitReportReporter -->
<testsuite skipped="0" hostname="LAPTOP-IG1JKIT8" name="TC001_GET_Request" tests="1" failures="0" timestamp="2021-03-22T16:49:17 CDT" time="2.999" errors="0">
  <testcase name="getPlaceDetails" time="2.999" classname="TC001_GET_Request"/>
  <system-out/>
</testsuite> <!-- TC001_GET_Request -->
